已經開始建置於 2025/7/19 下午 10:47:14。
記錄詳細程度設定為: Detailed。流程 = "C:\Program Files (x86)\Microsoft Visual Studio\2022\BuildTools\MSBuild\Current\Bin\MSBuild.exe"
MSBuild 可執行檔路徑 = "C:\Program Files (x86)\Microsoft Visual Studio\2022\BuildTools\MSBuild\Current\Bin\MSBuild.exe"
命令列引數 = ""C:\Program Files (x86)\Microsoft Visual Studio\2022\BuildTools\MSBuild\Current\Bin\MSBuild.exe" CodeLinks.csproj /p:Configuration=Debug "/p:Platform=Any CPU" /flp:logfile=build.log"
目前目錄 = "C:\Users\qoose\Desktop\VSCodeLinks\CodeLinks"
MSBuild 版本 = "17.14.8+a7a4d5af0"
根據 Windows 登錄機碼 LongPathsEnabled，LongPaths 功能為 已停用。
有些命令列參數讀取自自動回應檔 "C:\Program Files (x86)\Microsoft Visual Studio\2022\BuildTools\MSBuild\Current\Bin\MSBuild.rsp"。若要停用此檔案，請使用 "-noAutoResponse" 參數。

屬性指派: $(MSBuildExtensionsPath)="C:\Program Files (x86)\Microsoft Visual Studio\2022\BuildTools\MSBuild" (舊值: "C:\Program Files (x86)\MSBuild") (位於 )
屬性指派: $(MSBuildExtensionsPath32)="C:\Program Files (x86)\Microsoft Visual Studio\2022\BuildTools\MSBuild" (舊值: "C:\Program Files (x86)\MSBuild") (位於 )
"Configuration" 屬性是全域屬性，不能修改。
"Platform" 屬性是全域屬性，不能修改。
C:\Program Files (x86)\Microsoft Visual Studio\2022\BuildTools\MSBuild\Current\Bin\Microsoft.CSharp.CurrentVersion.targets(26,115): message : 從環境展開值為 'C:\Users\qoose\AppData\Local\Microsoft\MSBuild' 的屬性 'MSBuildUserExtensionsPath'。
用於 $(MSBuildExtensionsPath) 的搜尋路徑為 C:\Program Files (x86)\Microsoft Visual Studio\2022\BuildTools\MSBuild;$(MSBuildProgramFiles32)\MSBuild
用於 $(MSBuildExtensionsPath) 的搜尋路徑為 C:\Program Files (x86)\Microsoft Visual Studio\2022\BuildTools\MSBuild;$(MSBuildProgramFiles32)\MSBuild
正在嘗試使用延伸路徑 C:\Program Files (x86)\Microsoft Visual Studio\2022\BuildTools\MSBuild 匯入 C:\Program Files (x86)\Microsoft Visual Studio\2022\BuildTools\MSBuild\$(MSBuildToolsVersion)\Microsoft.Common.props
C:\Program Files (x86)\Microsoft Visual Studio\2022\BuildTools\MSBuild\Current\Microsoft.Common.props(60,5): message : 屬性指派: $(MSBuildProjectExtensionsPath)="C:\Users\qoose\Desktop\VSCodeLinks\CodeLinks\obj\" (舊值: "obj\") (位於 C:\Program Files (x86)\Microsoft Visual Studio\2022\BuildTools\MSBuild\Current\Microsoft.Common.props (60,5))
C:\Users\qoose\Desktop\VSCodeLinks\CodeLinks\obj\CodeLinks.csproj.nuget.g.props(7,5): message : 從環境展開值為 'C:\Users\qoose' 的屬性 'USERPROFILE'。
用於 $(MSBuildExtensionsPath) 的搜尋路徑為 C:\Program Files (x86)\Microsoft Visual Studio\2022\BuildTools\MSBuild;$(MSBuildProgramFiles32)\MSBuild
正在嘗試使用延伸路徑 C:\Program Files (x86)\Microsoft Visual Studio\2022\BuildTools\MSBuild 匯入 C:\Program Files (x86)\Microsoft Visual Studio\2022\BuildTools\MSBuild\$(MSBuildToolsVersion)\Imports\Microsoft.Common.props\ImportBefore\*
"Configuration" 屬性是全域屬性，不能修改。
"Platform" 屬性是全域屬性，不能修改。
用於 $(MSBuildExtensionsPath) 的搜尋路徑為 C:\Program Files (x86)\Microsoft Visual Studio\2022\BuildTools\MSBuild;$(MSBuildProgramFiles32)\MSBuild
用於 $(MSBuildExtensionsPath) 的搜尋路徑為 C:\Program Files (x86)\Microsoft Visual Studio\2022\BuildTools\MSBuild;$(MSBuildProgramFiles32)\MSBuild
用於 $(MSBuildExtensionsPath) 的搜尋路徑為 C:\Program Files (x86)\Microsoft Visual Studio\2022\BuildTools\MSBuild;$(MSBuildProgramFiles32)\MSBuild
用於 $(MSBuildExtensionsPath) 的搜尋路徑為 C:\Program Files (x86)\Microsoft Visual Studio\2022\BuildTools\MSBuild;$(MSBuildProgramFiles32)\MSBuild
C:\Program Files (x86)\Microsoft Visual Studio\2022\BuildTools\MSBuild\Current\Bin\Microsoft.NETFramework.CurrentVersion.props(117,5): message : 屬性指派: $(AvailablePlatforms)="Any CPU,x86,x64,ARM64" (舊值: "Any CPU,x86,x64") (位於 C:\Program Files (x86)\Microsoft Visual Studio\2022\BuildTools\MSBuild\Current\Bin\Microsoft.NETFramework.CurrentVersion.props (117,5))
用於 $(MSBuildExtensionsPath) 的搜尋路徑為 C:\Program Files (x86)\Microsoft Visual Studio\2022\BuildTools\MSBuild;$(MSBuildProgramFiles32)\MSBuild
組件在 Evaluation 期間載入: Microsoft.Build.Utilities.Core, Version=15.1.0.0, Culture=neutral, PublicKeyToken=b03f5f7f11d50a3a (位置: C:\Program Files (x86)\Microsoft Visual Studio\2022\BuildTools\MSBuild\Current\Bin\Microsoft.Build.Utilities.Core.dll，MVID: 5d54ebe7-513b-4a70-8c4d-953d3725ddf6，AppDomain: [Default])
"Platform" 屬性是全域屬性，不能修改。
"Configuration" 屬性是全域屬性，不能修改。
C:\Program Files (x86)\Microsoft Visual Studio\2022\BuildTools\MSBuild\Current\Bin\Microsoft.Common.CurrentVersion.targets(175,5): message : 屬性指派: $(_DebugSymbolsProduced)="true" (舊值: "false") (位於 C:\Program Files (x86)\Microsoft Visual Studio\2022\BuildTools\MSBuild\Current\Bin\Microsoft.Common.CurrentVersion.targets (175,5))
C:\Program Files (x86)\Microsoft Visual Studio\2022\BuildTools\MSBuild\Current\Bin\Microsoft.Common.CurrentVersion.targets(185,5): message : 屬性指派: $(_DocumentationFileProduced)="false" (舊值: "true") (位於 C:\Program Files (x86)\Microsoft Visual Studio\2022\BuildTools\MSBuild\Current\Bin\Microsoft.Common.CurrentVersion.targets (185,5))
C:\Program Files (x86)\Microsoft Visual Studio\2022\BuildTools\MSBuild\Current\Bin\Microsoft.Common.CurrentVersion.targets(393,5): message : 屬性指派: $(MSBuildCopyMarkerName)="CodeLinks.csproj.Up2Date" (舊值: "CodeLinks.csproj") (位於 C:\Program Files (x86)\Microsoft Visual Studio\2022\BuildTools\MSBuild\Current\Bin\Microsoft.Common.CurrentVersion.targets (393,5))
C:\Program Files (x86)\Microsoft Visual Studio\2022\BuildTools\MSBuild\Current\Bin\Microsoft.Common.CurrentVersion.targets(541,5): message : 屬性指派: $(ProcessorArchitecture)="msil" (舊值: "") (位於 C:\Program Files (x86)\Microsoft Visual Studio\2022\BuildTools\MSBuild\Current\Bin\Microsoft.Common.CurrentVersion.targets (541,5))
C:\Program Files (x86)\Microsoft Visual Studio\2022\BuildTools\MSBuild\Current\Bin\Microsoft.Common.CurrentVersion.targets(580,5): message : 屬性指派: $(DelaySign)="" (舊值: "false") (位於 C:\Program Files (x86)\Microsoft Visual Studio\2022\BuildTools\MSBuild\Current\Bin\Microsoft.Common.CurrentVersion.targets (580,5))
C:\Program Files (x86)\Microsoft Visual Studio\2022\BuildTools\MSBuild\Current\Bin\Microsoft.Common.CurrentVersion.targets(649,5): message : 屬性指派: $(AssemblySearchPaths)="{CandidateAssemblyFiles};" (舊值: "{CandidateAssemblyFiles}") (位於 C:\Program Files (x86)\Microsoft Visual Studio\2022\BuildTools\MSBuild\Current\Bin\Microsoft.Common.CurrentVersion.targets (649,5))
C:\Program Files (x86)\Microsoft Visual Studio\2022\BuildTools\MSBuild\Current\Bin\Microsoft.Common.CurrentVersion.targets(650,5): message : 屬性指派: $(AssemblySearchPaths)="{CandidateAssemblyFiles};;{HintPathFromItem}" (舊值: "{CandidateAssemblyFiles};") (位於 C:\Program Files (x86)\Microsoft Visual Studio\2022\BuildTools\MSBuild\Current\Bin\Microsoft.Common.CurrentVersion.targets (650,5))
C:\Program Files (x86)\Microsoft Visual Studio\2022\BuildTools\MSBuild\Current\Bin\Microsoft.Common.CurrentVersion.targets(651,5): message : 屬性指派: $(AssemblySearchPaths)="{CandidateAssemblyFiles};;{HintPathFromItem};{TargetFrameworkDirectory}" (舊值: "{CandidateAssemblyFiles};;{HintPathFromItem}") (位於 C:\Program Files (x86)\Microsoft Visual Studio\2022\BuildTools\MSBuild\Current\Bin\Microsoft.Common.CurrentVersion.targets (651,5))
C:\Program Files (x86)\Microsoft Visual Studio\2022\BuildTools\MSBuild\Current\Bin\Microsoft.Common.CurrentVersion.targets(652,5): message : 屬性指派: $(AssemblySearchPaths)="{CandidateAssemblyFiles};;{HintPathFromItem};{TargetFrameworkDirectory};" (舊值: "{CandidateAssemblyFiles};;{HintPathFromItem};{TargetFrameworkDirectory}") (位於 C:\Program Files (x86)\Microsoft Visual Studio\2022\BuildTools\MSBuild\Current\Bin\Microsoft.Common.CurrentVersion.targets (652,5))
C:\Program Files (x86)\Microsoft Visual Studio\2022\BuildTools\MSBuild\Current\Bin\Microsoft.Common.CurrentVersion.targets(653,5): message : 屬性指派: $(AssemblySearchPaths)="{CandidateAssemblyFiles};;{HintPathFromItem};{TargetFrameworkDirectory};;{Registry:Software\Microsoft\.NETFramework,v4.7.2,AssemblyFoldersEx}" (舊值: "{CandidateAssemblyFiles};;{HintPathFromItem};{TargetFrameworkDirectory};") (位於 C:\Program Files (x86)\Microsoft Visual Studio\2022\BuildTools\MSBuild\Current\Bin\Microsoft.Common.CurrentVersion.targets (653,5))
C:\Program Files (x86)\Microsoft Visual Studio\2022\BuildTools\MSBuild\Current\Bin\Microsoft.Common.CurrentVersion.targets(654,5): message : 屬性指派: $(AssemblySearchPaths)="{CandidateAssemblyFiles};;{HintPathFromItem};{TargetFrameworkDirectory};;{Registry:Software\Microsoft\.NETFramework,v4.7.2,AssemblyFoldersEx};{AssemblyFolders}" (舊值: "{CandidateAssemblyFiles};;{HintPathFromItem};{TargetFrameworkDirectory};;{Registry:Software\Microsoft\.NETFramework,v4.7.2,AssemblyFoldersEx}") (位於 C:\Program Files (x86)\Microsoft Visual Studio\2022\BuildTools\MSBuild\Current\Bin\Microsoft.Common.CurrentVersion.targets (654,5))
C:\Program Files (x86)\Microsoft Visual Studio\2022\BuildTools\MSBuild\Current\Bin\Microsoft.Common.CurrentVersion.targets(655,5): message : 屬性指派: $(AssemblySearchPaths)="{CandidateAssemblyFiles};;{HintPathFromItem};{TargetFrameworkDirectory};;{Registry:Software\Microsoft\.NETFramework,v4.7.2,AssemblyFoldersEx};{AssemblyFolders};{GAC}" (舊值: "{CandidateAssemblyFiles};;{HintPathFromItem};{TargetFrameworkDirectory};;{Registry:Software\Microsoft\.NETFramework,v4.7.2,AssemblyFoldersEx};{AssemblyFolders}") (位於 C:\Program Files (x86)\Microsoft Visual Studio\2022\BuildTools\MSBuild\Current\Bin\Microsoft.Common.CurrentVersion.targets (655,5))
C:\Program Files (x86)\Microsoft Visual Studio\2022\BuildTools\MSBuild\Current\Bin\Microsoft.Common.CurrentVersion.targets(656,5): message : 屬性指派: $(AssemblySearchPaths)="{CandidateAssemblyFiles};;{HintPathFromItem};{TargetFrameworkDirectory};;{Registry:Software\Microsoft\.NETFramework,v4.7.2,AssemblyFoldersEx};{AssemblyFolders};{GAC};{RawFileName}" (舊值: "{CandidateAssemblyFiles};;{HintPathFromItem};{TargetFrameworkDirectory};;{Registry:Software\Microsoft\.NETFramework,v4.7.2,AssemblyFoldersEx};{AssemblyFolders};{GAC}") (位於 C:\Program Files (x86)\Microsoft Visual Studio\2022\BuildTools\MSBuild\Current\Bin\Microsoft.Common.CurrentVersion.targets (656,5))
C:\Program Files (x86)\Microsoft Visual Studio\2022\BuildTools\MSBuild\Current\Bin\Microsoft.Common.CurrentVersion.targets(657,5): message : 屬性指派: $(AssemblySearchPaths)="{CandidateAssemblyFiles};;{HintPathFromItem};{TargetFrameworkDirectory};;{Registry:Software\Microsoft\.NETFramework,v4.7.2,AssemblyFoldersEx};{AssemblyFolders};{GAC};{RawFileName};bin\Any CPU\Debug\" (舊值: "{CandidateAssemblyFiles};;{HintPathFromItem};{TargetFrameworkDirectory};;{Registry:Software\Microsoft\.NETFramework,v4.7.2,AssemblyFoldersEx};{AssemblyFolders};{GAC};{RawFileName}") (位於 C:\Program Files (x86)\Microsoft Visual Studio\2022\BuildTools\MSBuild\Current\Bin\Microsoft.Common.CurrentVersion.targets (657,5))
C:\Program Files (x86)\Microsoft Visual Studio\2022\BuildTools\MSBuild\Current\Bin\Microsoft.Common.CurrentVersion.targets(2620,5): message : 從環境展開值為 'C:\Users\qoose\AppData\Local' 的屬性 'LOCALAPPDATA'。
C:\Program Files (x86)\Microsoft Visual Studio\2022\BuildTools\MSBuild\Current\Bin\Microsoft.Common.CurrentVersion.targets(3948,5): message : 屬性指派: $(_SGenGenerateSerializationAssembliesConfig)="Auto" (舊值: "") (位於 C:\Program Files (x86)\Microsoft Visual Studio\2022\BuildTools\MSBuild\Current\Bin\Microsoft.Common.CurrentVersion.targets (3948,5))
C:\Program Files (x86)\Microsoft Visual Studio\2022\BuildTools\MSBuild\Current\Bin\Microsoft.Common.CurrentVersion.targets(3949,5): message : 屬性指派: $(_SGenGenerateSerializationAssembliesConfig)="Off" (舊值: "Auto") (位於 C:\Program Files (x86)\Microsoft Visual Studio\2022\BuildTools\MSBuild\Current\Bin\Microsoft.Common.CurrentVersion.targets (3949,5))
C:\Program Files (x86)\Microsoft Visual Studio\2022\BuildTools\MSBuild\Current\Bin\Microsoft.Common.CurrentVersion.targets(5160,5): message : 屬性指派: $(_TargetsThatPrepareProjectReferences)="
C:\Program Files (x86)\Microsoft Visual Studio\2022\BuildTools\MSBuild\Current\Bin\Microsoft.Common.CurrentVersion.targets(5160,5): message :       AssignProjectConfiguration;
C:\Program Files (x86)\Microsoft Visual Studio\2022\BuildTools\MSBuild\Current\Bin\Microsoft.Common.CurrentVersion.targets(5160,5): message :       _SplitProjectReferencesByFileExistence
C:\Program Files (x86)\Microsoft Visual Studio\2022\BuildTools\MSBuild\Current\Bin\Microsoft.Common.CurrentVersion.targets(5160,5): message :     " (舊值: "_SplitProjectReferencesByFileExistence") (位於 C:\Program Files (x86)\Microsoft Visual Studio\2022\BuildTools\MSBuild\Current\Bin\Microsoft.Common.CurrentVersion.targets (5160,5))
用於 $(MSBuildExtensionsPath) 的搜尋路徑為 C:\Program Files (x86)\Microsoft Visual Studio\2022\BuildTools\MSBuild;$(MSBuildProgramFiles32)\MSBuild
C:\Program Files (x86)\Microsoft Visual Studio\2022\BuildTools\MSBuild\Current\Bin\Microsoft.NETFramework.CurrentVersion.targets(74,5): message : 屬性指派: $(ResolveReferencesDependsOn)="
C:\Program Files (x86)\Microsoft Visual Studio\2022\BuildTools\MSBuild\Current\Bin\Microsoft.NETFramework.CurrentVersion.targets(74,5): message :       
C:\Program Files (x86)\Microsoft Visual Studio\2022\BuildTools\MSBuild\Current\Bin\Microsoft.NETFramework.CurrentVersion.targets(74,5): message :       BeforeResolveReferences;
C:\Program Files (x86)\Microsoft Visual Studio\2022\BuildTools\MSBuild\Current\Bin\Microsoft.NETFramework.CurrentVersion.targets(74,5): message :       AssignProjectConfiguration;
C:\Program Files (x86)\Microsoft Visual Studio\2022\BuildTools\MSBuild\Current\Bin\Microsoft.NETFramework.CurrentVersion.targets(74,5): message :       ResolveProjectReferences;
C:\Program Files (x86)\Microsoft Visual Studio\2022\BuildTools\MSBuild\Current\Bin\Microsoft.NETFramework.CurrentVersion.targets(74,5): message :       FindInvalidProjectReferences;
C:\Program Files (x86)\Microsoft Visual Studio\2022\BuildTools\MSBuild\Current\Bin\Microsoft.NETFramework.CurrentVersion.targets(74,5): message :       ResolveNativeReferences;
C:\Program Files (x86)\Microsoft Visual Studio\2022\BuildTools\MSBuild\Current\Bin\Microsoft.NETFramework.CurrentVersion.targets(74,5): message :       ResolveAssemblyReferences;
C:\Program Files (x86)\Microsoft Visual Studio\2022\BuildTools\MSBuild\Current\Bin\Microsoft.NETFramework.CurrentVersion.targets(74,5): message :       GenerateBindingRedirects;
C:\Program Files (x86)\Microsoft Visual Studio\2022\BuildTools\MSBuild\Current\Bin\Microsoft.NETFramework.CurrentVersion.targets(74,5): message :       GenerateBindingRedirectsUpdateAppConfig;
C:\Program Files (x86)\Microsoft Visual Studio\2022\BuildTools\MSBuild\Current\Bin\Microsoft.NETFramework.CurrentVersion.targets(74,5): message :       ResolveComReferences;
C:\Program Files (x86)\Microsoft Visual Studio\2022\BuildTools\MSBuild\Current\Bin\Microsoft.NETFramework.CurrentVersion.targets(74,5): message :       AfterResolveReferences
C:\Program Files (x86)\Microsoft Visual Studio\2022\BuildTools\MSBuild\Current\Bin\Microsoft.NETFramework.CurrentVersion.targets(74,5): message :     ;
C:\Program Files (x86)\Microsoft Visual Studio\2022\BuildTools\MSBuild\Current\Bin\Microsoft.NETFramework.CurrentVersion.targets(74,5): message :       ImplicitlyExpandDesignTimeFacades
C:\Program Files (x86)\Microsoft Visual Studio\2022\BuildTools\MSBuild\Current\Bin\Microsoft.NETFramework.CurrentVersion.targets(74,5): message :     " (舊值: "
C:\Program Files (x86)\Microsoft Visual Studio\2022\BuildTools\MSBuild\Current\Bin\Microsoft.NETFramework.CurrentVersion.targets(74,5): message :       BeforeResolveReferences;
C:\Program Files (x86)\Microsoft Visual Studio\2022\BuildTools\MSBuild\Current\Bin\Microsoft.NETFramework.CurrentVersion.targets(74,5): message :       AssignProjectConfiguration;
C:\Program Files (x86)\Microsoft Visual Studio\2022\BuildTools\MSBuild\Current\Bin\Microsoft.NETFramework.CurrentVersion.targets(74,5): message :       ResolveProjectReferences;
C:\Program Files (x86)\Microsoft Visual Studio\2022\BuildTools\MSBuild\Current\Bin\Microsoft.NETFramework.CurrentVersion.targets(74,5): message :       FindInvalidProjectReferences;
C:\Program Files (x86)\Microsoft Visual Studio\2022\BuildTools\MSBuild\Current\Bin\Microsoft.NETFramework.CurrentVersion.targets(74,5): message :       ResolveNativeReferences;
C:\Program Files (x86)\Microsoft Visual Studio\2022\BuildTools\MSBuild\Current\Bin\Microsoft.NETFramework.CurrentVersion.targets(74,5): message :       ResolveAssemblyReferences;
C:\Program Files (x86)\Microsoft Visual Studio\2022\BuildTools\MSBuild\Current\Bin\Microsoft.NETFramework.CurrentVersion.targets(74,5): message :       GenerateBindingRedirects;
C:\Program Files (x86)\Microsoft Visual Studio\2022\BuildTools\MSBuild\Current\Bin\Microsoft.NETFramework.CurrentVersion.targets(74,5): message :       GenerateBindingRedirectsUpdateAppConfig;
C:\Program Files (x86)\Microsoft Visual Studio\2022\BuildTools\MSBuild\Current\Bin\Microsoft.NETFramework.CurrentVersion.targets(74,5): message :       ResolveComReferences;
C:\Program Files (x86)\Microsoft Visual Studio\2022\BuildTools\MSBuild\Current\Bin\Microsoft.NETFramework.CurrentVersion.targets(74,5): message :       AfterResolveReferences
C:\Program Files (x86)\Microsoft Visual Studio\2022\BuildTools\MSBuild\Current\Bin\Microsoft.NETFramework.CurrentVersion.targets(74,5): message :     ") (位於 C:\Program Files (x86)\Microsoft Visual Studio\2022\BuildTools\MSBuild\Current\Bin\Microsoft.NETFramework.CurrentVersion.targets (74,5))
C:\WINDOWS\Microsoft.NET\Framework\v4.0.30319\Microsoft.WinFx.targets(97,7): message : 屬性指派: $(PrepareResourceNamesDependsOn)="
C:\WINDOWS\Microsoft.NET\Framework\v4.0.30319\Microsoft.WinFx.targets(97,7): message :                     AssignWinFXEmbeddedResource;
C:\WINDOWS\Microsoft.NET\Framework\v4.0.30319\Microsoft.WinFx.targets(97,7): message :                     
C:\WINDOWS\Microsoft.NET\Framework\v4.0.30319\Microsoft.WinFx.targets(97,7): message :       AssignTargetPaths;
C:\WINDOWS\Microsoft.NET\Framework\v4.0.30319\Microsoft.WinFx.targets(97,7): message :       SplitResourcesByCulture;
C:\WINDOWS\Microsoft.NET\Framework\v4.0.30319\Microsoft.WinFx.targets(97,7): message :       CreateManifestResourceNames;
C:\WINDOWS\Microsoft.NET\Framework\v4.0.30319\Microsoft.WinFx.targets(97,7): message :       CreateCustomManifestResourceNames
C:\WINDOWS\Microsoft.NET\Framework\v4.0.30319\Microsoft.WinFx.targets(97,7): message :     
C:\WINDOWS\Microsoft.NET\Framework\v4.0.30319\Microsoft.WinFx.targets(97,7): message :       " (舊值: "
C:\WINDOWS\Microsoft.NET\Framework\v4.0.30319\Microsoft.WinFx.targets(97,7): message :       AssignTargetPaths;
C:\WINDOWS\Microsoft.NET\Framework\v4.0.30319\Microsoft.WinFx.targets(97,7): message :       SplitResourcesByCulture;
C:\WINDOWS\Microsoft.NET\Framework\v4.0.30319\Microsoft.WinFx.targets(97,7): message :       CreateManifestResourceNames;
C:\WINDOWS\Microsoft.NET\Framework\v4.0.30319\Microsoft.WinFx.targets(97,7): message :       CreateCustomManifestResourceNames
C:\WINDOWS\Microsoft.NET\Framework\v4.0.30319\Microsoft.WinFx.targets(97,7): message :     ") (位於 C:\WINDOWS\Microsoft.NET\Framework\v4.0.30319\Microsoft.WinFx.targets (97,7))
C:\WINDOWS\Microsoft.NET\Framework\v4.0.30319\Microsoft.WinFx.targets(108,7): message : 屬性指派: $(PrepareResourcesDependsOn)="
C:\WINDOWS\Microsoft.NET\Framework\v4.0.30319\Microsoft.WinFx.targets(108,7): message :                 MarkupCompilePass1;
C:\WINDOWS\Microsoft.NET\Framework\v4.0.30319\Microsoft.WinFx.targets(108,7): message :                 AfterMarkupCompilePass1;
C:\WINDOWS\Microsoft.NET\Framework\v4.0.30319\Microsoft.WinFx.targets(108,7): message :                 MarkupCompilePass2ForMainAssembly;
C:\WINDOWS\Microsoft.NET\Framework\v4.0.30319\Microsoft.WinFx.targets(108,7): message :                 FileClassification;
C:\WINDOWS\Microsoft.NET\Framework\v4.0.30319\Microsoft.WinFx.targets(108,7): message :                 MainResourcesGeneration;
C:\WINDOWS\Microsoft.NET\Framework\v4.0.30319\Microsoft.WinFx.targets(108,7): message :                 
C:\WINDOWS\Microsoft.NET\Framework\v4.0.30319\Microsoft.WinFx.targets(108,7): message :       ;
C:\WINDOWS\Microsoft.NET\Framework\v4.0.30319\Microsoft.WinFx.targets(108,7): message :       PrepareResourceNames;
C:\WINDOWS\Microsoft.NET\Framework\v4.0.30319\Microsoft.WinFx.targets(108,7): message :       ResGen;
C:\WINDOWS\Microsoft.NET\Framework\v4.0.30319\Microsoft.WinFx.targets(108,7): message :       CompileLicxFiles
C:\WINDOWS\Microsoft.NET\Framework\v4.0.30319\Microsoft.WinFx.targets(108,7): message :     
C:\WINDOWS\Microsoft.NET\Framework\v4.0.30319\Microsoft.WinFx.targets(108,7): message :       " (舊值: "
C:\WINDOWS\Microsoft.NET\Framework\v4.0.30319\Microsoft.WinFx.targets(108,7): message :       ;
C:\WINDOWS\Microsoft.NET\Framework\v4.0.30319\Microsoft.WinFx.targets(108,7): message :       PrepareResourceNames;
C:\WINDOWS\Microsoft.NET\Framework\v4.0.30319\Microsoft.WinFx.targets(108,7): message :       ResGen;
C:\WINDOWS\Microsoft.NET\Framework\v4.0.30319\Microsoft.WinFx.targets(108,7): message :       CompileLicxFiles
C:\WINDOWS\Microsoft.NET\Framework\v4.0.30319\Microsoft.WinFx.targets(108,7): message :     ") (位於 C:\WINDOWS\Microsoft.NET\Framework\v4.0.30319\Microsoft.WinFx.targets (108,7))
C:\WINDOWS\Microsoft.NET\Framework\v4.0.30319\Microsoft.WinFx.targets(184,5): message : 屬性指派: $(CompileDependsOn)="
C:\WINDOWS\Microsoft.NET\Framework\v4.0.30319\Microsoft.WinFx.targets(184,5): message :         
C:\WINDOWS\Microsoft.NET\Framework\v4.0.30319\Microsoft.WinFx.targets(184,5): message :       ResolveReferences;
C:\WINDOWS\Microsoft.NET\Framework\v4.0.30319\Microsoft.WinFx.targets(184,5): message :       ResolveKeySource;
C:\WINDOWS\Microsoft.NET\Framework\v4.0.30319\Microsoft.WinFx.targets(184,5): message :       SetWin32ManifestProperties;
C:\WINDOWS\Microsoft.NET\Framework\v4.0.30319\Microsoft.WinFx.targets(184,5): message :       _SetPreferNativeArm64Win32ManifestProperties;
C:\WINDOWS\Microsoft.NET\Framework\v4.0.30319\Microsoft.WinFx.targets(184,5): message :       FindReferenceAssembliesForReferences;
C:\WINDOWS\Microsoft.NET\Framework\v4.0.30319\Microsoft.WinFx.targets(184,5): message :       _GenerateCompileInputs;
C:\WINDOWS\Microsoft.NET\Framework\v4.0.30319\Microsoft.WinFx.targets(184,5): message :       BeforeCompile;
C:\WINDOWS\Microsoft.NET\Framework\v4.0.30319\Microsoft.WinFx.targets(184,5): message :       _TimeStampBeforeCompile;
C:\WINDOWS\Microsoft.NET\Framework\v4.0.30319\Microsoft.WinFx.targets(184,5): message :       _GenerateCompileDependencyCache;
C:\WINDOWS\Microsoft.NET\Framework\v4.0.30319\Microsoft.WinFx.targets(184,5): message :       CoreCompile;
C:\WINDOWS\Microsoft.NET\Framework\v4.0.30319\Microsoft.WinFx.targets(184,5): message :       _TimeStampAfterCompile;
C:\WINDOWS\Microsoft.NET\Framework\v4.0.30319\Microsoft.WinFx.targets(184,5): message :       AfterCompile;
C:\WINDOWS\Microsoft.NET\Framework\v4.0.30319\Microsoft.WinFx.targets(184,5): message :     ;
C:\WINDOWS\Microsoft.NET\Framework\v4.0.30319\Microsoft.WinFx.targets(184,5): message :         _AfterCompileWinFXInternal
C:\WINDOWS\Microsoft.NET\Framework\v4.0.30319\Microsoft.WinFx.targets(184,5): message :     " (舊值: "
C:\WINDOWS\Microsoft.NET\Framework\v4.0.30319\Microsoft.WinFx.targets(184,5): message :       ResolveReferences;
C:\WINDOWS\Microsoft.NET\Framework\v4.0.30319\Microsoft.WinFx.targets(184,5): message :       ResolveKeySource;
C:\WINDOWS\Microsoft.NET\Framework\v4.0.30319\Microsoft.WinFx.targets(184,5): message :       SetWin32ManifestProperties;
C:\WINDOWS\Microsoft.NET\Framework\v4.0.30319\Microsoft.WinFx.targets(184,5): message :       _SetPreferNativeArm64Win32ManifestProperties;
C:\WINDOWS\Microsoft.NET\Framework\v4.0.30319\Microsoft.WinFx.targets(184,5): message :       FindReferenceAssembliesForReferences;
C:\WINDOWS\Microsoft.NET\Framework\v4.0.30319\Microsoft.WinFx.targets(184,5): message :       _GenerateCompileInputs;
C:\WINDOWS\Microsoft.NET\Framework\v4.0.30319\Microsoft.WinFx.targets(184,5): message :       BeforeCompile;
C:\WINDOWS\Microsoft.NET\Framework\v4.0.30319\Microsoft.WinFx.targets(184,5): message :       _TimeStampBeforeCompile;
C:\WINDOWS\Microsoft.NET\Framework\v4.0.30319\Microsoft.WinFx.targets(184,5): message :       _GenerateCompileDependencyCache;
C:\WINDOWS\Microsoft.NET\Framework\v4.0.30319\Microsoft.WinFx.targets(184,5): message :       CoreCompile;
C:\WINDOWS\Microsoft.NET\Framework\v4.0.30319\Microsoft.WinFx.targets(184,5): message :       _TimeStampAfterCompile;
C:\WINDOWS\Microsoft.NET\Framework\v4.0.30319\Microsoft.WinFx.targets(184,5): message :       AfterCompile;
C:\WINDOWS\Microsoft.NET\Framework\v4.0.30319\Microsoft.WinFx.targets(184,5): message :     ") (位於 C:\WINDOWS\Microsoft.NET\Framework\v4.0.30319\Microsoft.WinFx.targets (184,5))
C:\WINDOWS\Microsoft.NET\Framework\v4.0.30319\Microsoft.WinFx.targets(813,9): message : 屬性指派: $(PublishBuildDependsOn)="
C:\WINDOWS\Microsoft.NET\Framework\v4.0.30319\Microsoft.WinFx.targets(813,9): message :             BuildOnlySettings;
C:\WINDOWS\Microsoft.NET\Framework\v4.0.30319\Microsoft.WinFx.targets(813,9): message :             PrepareForBuild;
C:\WINDOWS\Microsoft.NET\Framework\v4.0.30319\Microsoft.WinFx.targets(813,9): message :             ResolveReferences;
C:\WINDOWS\Microsoft.NET\Framework\v4.0.30319\Microsoft.WinFx.targets(813,9): message :             PrepareResources;
C:\WINDOWS\Microsoft.NET\Framework\v4.0.30319\Microsoft.WinFx.targets(813,9): message :             ResolveKeySource;
C:\WINDOWS\Microsoft.NET\Framework\v4.0.30319\Microsoft.WinFx.targets(813,9): message :             PrepareResourcesForSatelliteAssemblies;
C:\WINDOWS\Microsoft.NET\Framework\v4.0.30319\Microsoft.WinFx.targets(813,9): message :             GenerateSerializationAssemblies;
C:\WINDOWS\Microsoft.NET\Framework\v4.0.30319\Microsoft.WinFx.targets(813,9): message :             CreateSatelliteAssemblies;
C:\WINDOWS\Microsoft.NET\Framework\v4.0.30319\Microsoft.WinFx.targets(813,9): message :         " (舊值: "
C:\WINDOWS\Microsoft.NET\Framework\v4.0.30319\Microsoft.WinFx.targets(813,9): message :       BuildOnlySettings;
C:\WINDOWS\Microsoft.NET\Framework\v4.0.30319\Microsoft.WinFx.targets(813,9): message :       PrepareForBuild;
C:\WINDOWS\Microsoft.NET\Framework\v4.0.30319\Microsoft.WinFx.targets(813,9): message :       ResolveReferences;
C:\WINDOWS\Microsoft.NET\Framework\v4.0.30319\Microsoft.WinFx.targets(813,9): message :       PrepareResources;
C:\WINDOWS\Microsoft.NET\Framework\v4.0.30319\Microsoft.WinFx.targets(813,9): message :       ResolveKeySource;
C:\WINDOWS\Microsoft.NET\Framework\v4.0.30319\Microsoft.WinFx.targets(813,9): message :       GenerateSerializationAssemblies;
C:\WINDOWS\Microsoft.NET\Framework\v4.0.30319\Microsoft.WinFx.targets(813,9): message :       CreateSatelliteAssemblies;
C:\WINDOWS\Microsoft.NET\Framework\v4.0.30319\Microsoft.WinFx.targets(813,9): message :     ") (位於 C:\WINDOWS\Microsoft.NET\Framework\v4.0.30319\Microsoft.WinFx.targets (813,9))
C:\WINDOWS\Microsoft.NET\Framework\v4.0.30319\Microsoft.Data.Entity.targets(35,5): message : 屬性指派: $(BuildDependsOn)="
C:\WINDOWS\Microsoft.NET\Framework\v4.0.30319\Microsoft.Data.Entity.targets(35,5): message :       EntityDeploy;
C:\WINDOWS\Microsoft.NET\Framework\v4.0.30319\Microsoft.Data.Entity.targets(35,5): message :       
C:\WINDOWS\Microsoft.NET\Framework\v4.0.30319\Microsoft.Data.Entity.targets(35,5): message :       BeforeBuild;
C:\WINDOWS\Microsoft.NET\Framework\v4.0.30319\Microsoft.Data.Entity.targets(35,5): message :       CoreBuild;
C:\WINDOWS\Microsoft.NET\Framework\v4.0.30319\Microsoft.Data.Entity.targets(35,5): message :       AfterBuild
C:\WINDOWS\Microsoft.NET\Framework\v4.0.30319\Microsoft.Data.Entity.targets(35,5): message :     
C:\WINDOWS\Microsoft.NET\Framework\v4.0.30319\Microsoft.Data.Entity.targets(35,5): message :     " (舊值: "
C:\WINDOWS\Microsoft.NET\Framework\v4.0.30319\Microsoft.Data.Entity.targets(35,5): message :       BeforeBuild;
C:\WINDOWS\Microsoft.NET\Framework\v4.0.30319\Microsoft.Data.Entity.targets(35,5): message :       CoreBuild;
C:\WINDOWS\Microsoft.NET\Framework\v4.0.30319\Microsoft.Data.Entity.targets(35,5): message :       AfterBuild
C:\WINDOWS\Microsoft.NET\Framework\v4.0.30319\Microsoft.Data.Entity.targets(35,5): message :     ") (位於 C:\WINDOWS\Microsoft.NET\Framework\v4.0.30319\Microsoft.Data.Entity.targets (35,5))
C:\WINDOWS\Microsoft.NET\Framework\v4.0.30319\Microsoft.Data.Entity.targets(42,5): message : 屬性指派: $(CleanDependsOn)="
C:\WINDOWS\Microsoft.NET\Framework\v4.0.30319\Microsoft.Data.Entity.targets(42,5): message :       
C:\WINDOWS\Microsoft.NET\Framework\v4.0.30319\Microsoft.Data.Entity.targets(42,5): message :       BeforeClean;
C:\WINDOWS\Microsoft.NET\Framework\v4.0.30319\Microsoft.Data.Entity.targets(42,5): message :       UnmanagedUnregistration;
C:\WINDOWS\Microsoft.NET\Framework\v4.0.30319\Microsoft.Data.Entity.targets(42,5): message :       CoreClean;
C:\WINDOWS\Microsoft.NET\Framework\v4.0.30319\Microsoft.Data.Entity.targets(42,5): message :       CleanReferencedProjects;
C:\WINDOWS\Microsoft.NET\Framework\v4.0.30319\Microsoft.Data.Entity.targets(42,5): message :       CleanPublishFolder;
C:\WINDOWS\Microsoft.NET\Framework\v4.0.30319\Microsoft.Data.Entity.targets(42,5): message :       AfterClean
C:\WINDOWS\Microsoft.NET\Framework\v4.0.30319\Microsoft.Data.Entity.targets(42,5): message :     ;
C:\WINDOWS\Microsoft.NET\Framework\v4.0.30319\Microsoft.Data.Entity.targets(42,5): message :       EntityClean;
C:\WINDOWS\Microsoft.NET\Framework\v4.0.30319\Microsoft.Data.Entity.targets(42,5): message :     " (舊值: "
C:\WINDOWS\Microsoft.NET\Framework\v4.0.30319\Microsoft.Data.Entity.targets(42,5): message :       BeforeClean;
C:\WINDOWS\Microsoft.NET\Framework\v4.0.30319\Microsoft.Data.Entity.targets(42,5): message :       UnmanagedUnregistration;
C:\WINDOWS\Microsoft.NET\Framework\v4.0.30319\Microsoft.Data.Entity.targets(42,5): message :       CoreClean;
C:\WINDOWS\Microsoft.NET\Framework\v4.0.30319\Microsoft.Data.Entity.targets(42,5): message :       CleanReferencedProjects;
C:\WINDOWS\Microsoft.NET\Framework\v4.0.30319\Microsoft.Data.Entity.targets(42,5): message :       CleanPublishFolder;
C:\WINDOWS\Microsoft.NET\Framework\v4.0.30319\Microsoft.Data.Entity.targets(42,5): message :       AfterClean
C:\WINDOWS\Microsoft.NET\Framework\v4.0.30319\Microsoft.Data.Entity.targets(42,5): message :     ") (位於 C:\WINDOWS\Microsoft.NET\Framework\v4.0.30319\Microsoft.Data.Entity.targets (42,5))
用於 $(MSBuildExtensionsPath) 的搜尋路徑為 C:\Program Files (x86)\Microsoft Visual Studio\2022\BuildTools\MSBuild;$(MSBuildProgramFiles32)\MSBuild
C:\WINDOWS\Microsoft.NET\Framework\v4.0.30319\Microsoft.Xaml.targets(35,5): message : 屬性指派: $(PrepareResourcesDependsOn)="
C:\WINDOWS\Microsoft.NET\Framework\v4.0.30319\Microsoft.Xaml.targets(35,5): message :       XamlMarkupCompilePass1;
C:\WINDOWS\Microsoft.NET\Framework\v4.0.30319\Microsoft.Xaml.targets(35,5): message :       XamlMarkupCompilePass2;
C:\WINDOWS\Microsoft.NET\Framework\v4.0.30319\Microsoft.Xaml.targets(35,5): message :       
C:\WINDOWS\Microsoft.NET\Framework\v4.0.30319\Microsoft.Xaml.targets(35,5): message :                 MarkupCompilePass1;
C:\WINDOWS\Microsoft.NET\Framework\v4.0.30319\Microsoft.Xaml.targets(35,5): message :                 AfterMarkupCompilePass1;
C:\WINDOWS\Microsoft.NET\Framework\v4.0.30319\Microsoft.Xaml.targets(35,5): message :                 MarkupCompilePass2ForMainAssembly;
C:\WINDOWS\Microsoft.NET\Framework\v4.0.30319\Microsoft.Xaml.targets(35,5): message :                 FileClassification;
C:\WINDOWS\Microsoft.NET\Framework\v4.0.30319\Microsoft.Xaml.targets(35,5): message :                 MainResourcesGeneration;
C:\WINDOWS\Microsoft.NET\Framework\v4.0.30319\Microsoft.Xaml.targets(35,5): message :                 
C:\WINDOWS\Microsoft.NET\Framework\v4.0.30319\Microsoft.Xaml.targets(35,5): message :       ;
C:\WINDOWS\Microsoft.NET\Framework\v4.0.30319\Microsoft.Xaml.targets(35,5): message :       PrepareResourceNames;
C:\WINDOWS\Microsoft.NET\Framework\v4.0.30319\Microsoft.Xaml.targets(35,5): message :       ResGen;
C:\WINDOWS\Microsoft.NET\Framework\v4.0.30319\Microsoft.Xaml.targets(35,5): message :       CompileLicxFiles
C:\WINDOWS\Microsoft.NET\Framework\v4.0.30319\Microsoft.Xaml.targets(35,5): message :     
C:\WINDOWS\Microsoft.NET\Framework\v4.0.30319\Microsoft.Xaml.targets(35,5): message :        
C:\WINDOWS\Microsoft.NET\Framework\v4.0.30319\Microsoft.Xaml.targets(35,5): message :     " (舊值: "
C:\WINDOWS\Microsoft.NET\Framework\v4.0.30319\Microsoft.Xaml.targets(35,5): message :                 MarkupCompilePass1;
C:\WINDOWS\Microsoft.NET\Framework\v4.0.30319\Microsoft.Xaml.targets(35,5): message :                 AfterMarkupCompilePass1;
C:\WINDOWS\Microsoft.NET\Framework\v4.0.30319\Microsoft.Xaml.targets(35,5): message :                 MarkupCompilePass2ForMainAssembly;
C:\WINDOWS\Microsoft.NET\Framework\v4.0.30319\Microsoft.Xaml.targets(35,5): message :                 FileClassification;
C:\WINDOWS\Microsoft.NET\Framework\v4.0.30319\Microsoft.Xaml.targets(35,5): message :                 MainResourcesGeneration;
C:\WINDOWS\Microsoft.NET\Framework\v4.0.30319\Microsoft.Xaml.targets(35,5): message :                 
C:\WINDOWS\Microsoft.NET\Framework\v4.0.30319\Microsoft.Xaml.targets(35,5): message :       ;
C:\WINDOWS\Microsoft.NET\Framework\v4.0.30319\Microsoft.Xaml.targets(35,5): message :       PrepareResourceNames;
C:\WINDOWS\Microsoft.NET\Framework\v4.0.30319\Microsoft.Xaml.targets(35,5): message :       ResGen;
C:\WINDOWS\Microsoft.NET\Framework\v4.0.30319\Microsoft.Xaml.targets(35,5): message :       CompileLicxFiles
C:\WINDOWS\Microsoft.NET\Framework\v4.0.30319\Microsoft.Xaml.targets(35,5): message :     
C:\WINDOWS\Microsoft.NET\Framework\v4.0.30319\Microsoft.Xaml.targets(35,5): message :       ") (位於 C:\WINDOWS\Microsoft.NET\Framework\v4.0.30319\Microsoft.Xaml.targets (35,5))
C:\WINDOWS\Microsoft.NET\Framework\v4.0.30319\Microsoft.WorkflowBuildExtensions.targets(16,5): message : 屬性指派: $(PrepareResourcesDependsOn)="
C:\WINDOWS\Microsoft.NET\Framework\v4.0.30319\Microsoft.WorkflowBuildExtensions.targets(16,5): message :       ValidationExtension;
C:\WINDOWS\Microsoft.NET\Framework\v4.0.30319\Microsoft.WorkflowBuildExtensions.targets(16,5): message :       ExpressionBuildExtension;
C:\WINDOWS\Microsoft.NET\Framework\v4.0.30319\Microsoft.WorkflowBuildExtensions.targets(16,5): message :       
C:\WINDOWS\Microsoft.NET\Framework\v4.0.30319\Microsoft.WorkflowBuildExtensions.targets(16,5): message :       XamlMarkupCompilePass1;
C:\WINDOWS\Microsoft.NET\Framework\v4.0.30319\Microsoft.WorkflowBuildExtensions.targets(16,5): message :       XamlMarkupCompilePass2;
C:\WINDOWS\Microsoft.NET\Framework\v4.0.30319\Microsoft.WorkflowBuildExtensions.targets(16,5): message :       
C:\WINDOWS\Microsoft.NET\Framework\v4.0.30319\Microsoft.WorkflowBuildExtensions.targets(16,5): message :                 MarkupCompilePass1;
C:\WINDOWS\Microsoft.NET\Framework\v4.0.30319\Microsoft.WorkflowBuildExtensions.targets(16,5): message :                 AfterMarkupCompilePass1;
C:\WINDOWS\Microsoft.NET\Framework\v4.0.30319\Microsoft.WorkflowBuildExtensions.targets(16,5): message :                 MarkupCompilePass2ForMainAssembly;
C:\WINDOWS\Microsoft.NET\Framework\v4.0.30319\Microsoft.WorkflowBuildExtensions.targets(16,5): message :                 FileClassification;
C:\WINDOWS\Microsoft.NET\Framework\v4.0.30319\Microsoft.WorkflowBuildExtensions.targets(16,5): message :                 MainResourcesGeneration;
C:\WINDOWS\Microsoft.NET\Framework\v4.0.30319\Microsoft.WorkflowBuildExtensions.targets(16,5): message :                 
C:\WINDOWS\Microsoft.NET\Framework\v4.0.30319\Microsoft.WorkflowBuildExtensions.targets(16,5): message :       ;
C:\WINDOWS\Microsoft.NET\Framework\v4.0.30319\Microsoft.WorkflowBuildExtensions.targets(16,5): message :       PrepareResourceNames;
C:\WINDOWS\Microsoft.NET\Framework\v4.0.30319\Microsoft.WorkflowBuildExtensions.targets(16,5): message :       ResGen;
C:\WINDOWS\Microsoft.NET\Framework\v4.0.30319\Microsoft.WorkflowBuildExtensions.targets(16,5): message :       CompileLicxFiles
C:\WINDOWS\Microsoft.NET\Framework\v4.0.30319\Microsoft.WorkflowBuildExtensions.targets(16,5): message :     
C:\WINDOWS\Microsoft.NET\Framework\v4.0.30319\Microsoft.WorkflowBuildExtensions.targets(16,5): message :        
C:\WINDOWS\Microsoft.NET\Framework\v4.0.30319\Microsoft.WorkflowBuildExtensions.targets(16,5): message :     
C:\WINDOWS\Microsoft.NET\Framework\v4.0.30319\Microsoft.WorkflowBuildExtensions.targets(16,5): message :     " (舊值: "
C:\WINDOWS\Microsoft.NET\Framework\v4.0.30319\Microsoft.WorkflowBuildExtensions.targets(16,5): message :       XamlMarkupCompilePass1;
C:\WINDOWS\Microsoft.NET\Framework\v4.0.30319\Microsoft.WorkflowBuildExtensions.targets(16,5): message :       XamlMarkupCompilePass2;
C:\WINDOWS\Microsoft.NET\Framework\v4.0.30319\Microsoft.WorkflowBuildExtensions.targets(16,5): message :       
C:\WINDOWS\Microsoft.NET\Framework\v4.0.30319\Microsoft.WorkflowBuildExtensions.targets(16,5): message :                 MarkupCompilePass1;
C:\WINDOWS\Microsoft.NET\Framework\v4.0.30319\Microsoft.WorkflowBuildExtensions.targets(16,5): message :                 AfterMarkupCompilePass1;
C:\WINDOWS\Microsoft.NET\Framework\v4.0.30319\Microsoft.WorkflowBuildExtensions.targets(16,5): message :                 MarkupCompilePass2ForMainAssembly;
C:\WINDOWS\Microsoft.NET\Framework\v4.0.30319\Microsoft.WorkflowBuildExtensions.targets(16,5): message :                 FileClassification;
C:\WINDOWS\Microsoft.NET\Framework\v4.0.30319\Microsoft.WorkflowBuildExtensions.targets(16,5): message :                 MainResourcesGeneration;
C:\WINDOWS\Microsoft.NET\Framework\v4.0.30319\Microsoft.WorkflowBuildExtensions.targets(16,5): message :                 
C:\WINDOWS\Microsoft.NET\Framework\v4.0.30319\Microsoft.WorkflowBuildExtensions.targets(16,5): message :       ;
C:\WINDOWS\Microsoft.NET\Framework\v4.0.30319\Microsoft.WorkflowBuildExtensions.targets(16,5): message :       PrepareResourceNames;
C:\WINDOWS\Microsoft.NET\Framework\v4.0.30319\Microsoft.WorkflowBuildExtensions.targets(16,5): message :       ResGen;
C:\WINDOWS\Microsoft.NET\Framework\v4.0.30319\Microsoft.WorkflowBuildExtensions.targets(16,5): message :       CompileLicxFiles
C:\WINDOWS\Microsoft.NET\Framework\v4.0.30319\Microsoft.WorkflowBuildExtensions.targets(16,5): message :     
C:\WINDOWS\Microsoft.NET\Framework\v4.0.30319\Microsoft.WorkflowBuildExtensions.targets(16,5): message :        
C:\WINDOWS\Microsoft.NET\Framework\v4.0.30319\Microsoft.WorkflowBuildExtensions.targets(16,5): message :     ") (位於 C:\WINDOWS\Microsoft.NET\Framework\v4.0.30319\Microsoft.WorkflowBuildExtensions.targets (16,5))
用於 $(MSBuildExtensionsPath) 的搜尋路徑為 C:\Program Files (x86)\Microsoft Visual Studio\2022\BuildTools\MSBuild;$(MSBuildProgramFiles32)\MSBuild
正在嘗試使用延伸路徑 C:\Program Files (x86)\Microsoft Visual Studio\2022\BuildTools\MSBuild 匯入 C:\Program Files (x86)\Microsoft Visual Studio\2022\BuildTools\MSBuild\$(MSBuildToolsVersion)\Microsoft.Common.targets\ImportAfter\*
C:\Program Files (x86)\Microsoft Visual Studio\2022\BuildTools\MSBuild\Microsoft\NuGet\17.0\Microsoft.NuGet.targets(74,5): message : 屬性指派: $(ProjectLockFile)="obj\project.assets.json" (舊值: "C:\Users\qoose\Desktop\VSCodeLinks\CodeLinks\obj\project.assets.json") (位於 C:\Program Files (x86)\Microsoft Visual Studio\2022\BuildTools\MSBuild\Microsoft\NuGet\17.0\Microsoft.NuGet.targets (74,5))
C:\Program Files (x86)\Microsoft Visual Studio\2022\BuildTools\MSBuild\Microsoft\NuGet\17.0\Microsoft.NuGet.targets(185,5): message : 屬性指派: $(ResolveAssemblyReferencesDependsOn)="
C:\Program Files (x86)\Microsoft Visual Studio\2022\BuildTools\MSBuild\Microsoft\NuGet\17.0\Microsoft.NuGet.targets(185,5): message :       ResolveProjectReferences;
C:\Program Files (x86)\Microsoft Visual Studio\2022\BuildTools\MSBuild\Microsoft\NuGet\17.0\Microsoft.NuGet.targets(185,5): message :       FindInvalidProjectReferences;
C:\Program Files (x86)\Microsoft Visual Studio\2022\BuildTools\MSBuild\Microsoft\NuGet\17.0\Microsoft.NuGet.targets(185,5): message :       GetFrameworkPaths;
C:\Program Files (x86)\Microsoft Visual Studio\2022\BuildTools\MSBuild\Microsoft\NuGet\17.0\Microsoft.NuGet.targets(185,5): message :       GetReferenceAssemblyPaths;
C:\Program Files (x86)\Microsoft Visual Studio\2022\BuildTools\MSBuild\Microsoft\NuGet\17.0\Microsoft.NuGet.targets(185,5): message :       PrepareForBuild;
C:\Program Files (x86)\Microsoft Visual Studio\2022\BuildTools\MSBuild\Microsoft\NuGet\17.0\Microsoft.NuGet.targets(185,5): message :       ResolveSDKReferences;
C:\Program Files (x86)\Microsoft Visual Studio\2022\BuildTools\MSBuild\Microsoft\NuGet\17.0\Microsoft.NuGet.targets(185,5): message :       ExpandSDKReferences;
C:\Program Files (x86)\Microsoft Visual Studio\2022\BuildTools\MSBuild\Microsoft\NuGet\17.0\Microsoft.NuGet.targets(185,5): message :     ;ResolveNuGetPackageAssets" (舊值: "
C:\Program Files (x86)\Microsoft Visual Studio\2022\BuildTools\MSBuild\Microsoft\NuGet\17.0\Microsoft.NuGet.targets(185,5): message :       ResolveProjectReferences;
C:\Program Files (x86)\Microsoft Visual Studio\2022\BuildTools\MSBuild\Microsoft\NuGet\17.0\Microsoft.NuGet.targets(185,5): message :       FindInvalidProjectReferences;
C:\Program Files (x86)\Microsoft Visual Studio\2022\BuildTools\MSBuild\Microsoft\NuGet\17.0\Microsoft.NuGet.targets(185,5): message :       GetFrameworkPaths;
C:\Program Files (x86)\Microsoft Visual Studio\2022\BuildTools\MSBuild\Microsoft\NuGet\17.0\Microsoft.NuGet.targets(185,5): message :       GetReferenceAssemblyPaths;
C:\Program Files (x86)\Microsoft Visual Studio\2022\BuildTools\MSBuild\Microsoft\NuGet\17.0\Microsoft.NuGet.targets(185,5): message :       PrepareForBuild;
C:\Program Files (x86)\Microsoft Visual Studio\2022\BuildTools\MSBuild\Microsoft\NuGet\17.0\Microsoft.NuGet.targets(185,5): message :       ResolveSDKReferences;
C:\Program Files (x86)\Microsoft Visual Studio\2022\BuildTools\MSBuild\Microsoft\NuGet\17.0\Microsoft.NuGet.targets(185,5): message :       ExpandSDKReferences;
C:\Program Files (x86)\Microsoft Visual Studio\2022\BuildTools\MSBuild\Microsoft\NuGet\17.0\Microsoft.NuGet.targets(185,5): message :     ") (位於 C:\Program Files (x86)\Microsoft Visual Studio\2022\BuildTools\MSBuild\Microsoft\NuGet\17.0\Microsoft.NuGet.targets (185,5))
C:\Program Files (x86)\Microsoft Visual Studio\2022\BuildTools\MSBuild\Microsoft\NuGet\17.0\Microsoft.NuGet.targets(186,5): message : 屬性指派: $(PrepareResourcesDependsOn)="ResolveNuGetPackageAssets;
C:\Program Files (x86)\Microsoft Visual Studio\2022\BuildTools\MSBuild\Microsoft\NuGet\17.0\Microsoft.NuGet.targets(186,5): message :       ValidationExtension;
C:\Program Files (x86)\Microsoft Visual Studio\2022\BuildTools\MSBuild\Microsoft\NuGet\17.0\Microsoft.NuGet.targets(186,5): message :       ExpressionBuildExtension;
C:\Program Files (x86)\Microsoft Visual Studio\2022\BuildTools\MSBuild\Microsoft\NuGet\17.0\Microsoft.NuGet.targets(186,5): message :       
C:\Program Files (x86)\Microsoft Visual Studio\2022\BuildTools\MSBuild\Microsoft\NuGet\17.0\Microsoft.NuGet.targets(186,5): message :       XamlMarkupCompilePass1;
C:\Program Files (x86)\Microsoft Visual Studio\2022\BuildTools\MSBuild\Microsoft\NuGet\17.0\Microsoft.NuGet.targets(186,5): message :       XamlMarkupCompilePass2;
C:\Program Files (x86)\Microsoft Visual Studio\2022\BuildTools\MSBuild\Microsoft\NuGet\17.0\Microsoft.NuGet.targets(186,5): message :       
C:\Program Files (x86)\Microsoft Visual Studio\2022\BuildTools\MSBuild\Microsoft\NuGet\17.0\Microsoft.NuGet.targets(186,5): message :                 MarkupCompilePass1;
C:\Program Files (x86)\Microsoft Visual Studio\2022\BuildTools\MSBuild\Microsoft\NuGet\17.0\Microsoft.NuGet.targets(186,5): message :                 AfterMarkupCompilePass1;
C:\Program Files (x86)\Microsoft Visual Studio\2022\BuildTools\MSBuild\Microsoft\NuGet\17.0\Microsoft.NuGet.targets(186,5): message :                 MarkupCompilePass2ForMainAssembly;
C:\Program Files (x86)\Microsoft Visual Studio\2022\BuildTools\MSBuild\Microsoft\NuGet\17.0\Microsoft.NuGet.targets(186,5): message :                 FileClassification;
C:\Program Files (x86)\Microsoft Visual Studio\2022\BuildTools\MSBuild\Microsoft\NuGet\17.0\Microsoft.NuGet.targets(186,5): message :                 MainResourcesGeneration;
C:\Program Files (x86)\Microsoft Visual Studio\2022\BuildTools\MSBuild\Microsoft\NuGet\17.0\Microsoft.NuGet.targets(186,5): message :                 
C:\Program Files (x86)\Microsoft Visual Studio\2022\BuildTools\MSBuild\Microsoft\NuGet\17.0\Microsoft.NuGet.targets(186,5): message :       ;
C:\Program Files (x86)\Microsoft Visual Studio\2022\BuildTools\MSBuild\Microsoft\NuGet\17.0\Microsoft.NuGet.targets(186,5): message :       PrepareResourceNames;
C:\Program Files (x86)\Microsoft Visual Studio\2022\BuildTools\MSBuild\Microsoft\NuGet\17.0\Microsoft.NuGet.targets(186,5): message :       ResGen;
C:\Program Files (x86)\Microsoft Visual Studio\2022\BuildTools\MSBuild\Microsoft\NuGet\17.0\Microsoft.NuGet.targets(186,5): message :       CompileLicxFiles
C:\Program Files (x86)\Microsoft Visual Studio\2022\BuildTools\MSBuild\Microsoft\NuGet\17.0\Microsoft.NuGet.targets(186,5): message :     
C:\Program Files (x86)\Microsoft Visual Studio\2022\BuildTools\MSBuild\Microsoft\NuGet\17.0\Microsoft.NuGet.targets(186,5): message :        
C:\Program Files (x86)\Microsoft Visual Studio\2022\BuildTools\MSBuild\Microsoft\NuGet\17.0\Microsoft.NuGet.targets(186,5): message :     
C:\Program Files (x86)\Microsoft Visual Studio\2022\BuildTools\MSBuild\Microsoft\NuGet\17.0\Microsoft.NuGet.targets(186,5): message :     " (舊值: "
C:\Program Files (x86)\Microsoft Visual Studio\2022\BuildTools\MSBuild\Microsoft\NuGet\17.0\Microsoft.NuGet.targets(186,5): message :       ValidationExtension;
C:\Program Files (x86)\Microsoft Visual Studio\2022\BuildTools\MSBuild\Microsoft\NuGet\17.0\Microsoft.NuGet.targets(186,5): message :       ExpressionBuildExtension;
C:\Program Files (x86)\Microsoft Visual Studio\2022\BuildTools\MSBuild\Microsoft\NuGet\17.0\Microsoft.NuGet.targets(186,5): message :       
C:\Program Files (x86)\Microsoft Visual Studio\2022\BuildTools\MSBuild\Microsoft\NuGet\17.0\Microsoft.NuGet.targets(186,5): message :       XamlMarkupCompilePass1;
C:\Program Files (x86)\Microsoft Visual Studio\2022\BuildTools\MSBuild\Microsoft\NuGet\17.0\Microsoft.NuGet.targets(186,5): message :       XamlMarkupCompilePass2;
C:\Program Files (x86)\Microsoft Visual Studio\2022\BuildTools\MSBuild\Microsoft\NuGet\17.0\Microsoft.NuGet.targets(186,5): message :       
C:\Program Files (x86)\Microsoft Visual Studio\2022\BuildTools\MSBuild\Microsoft\NuGet\17.0\Microsoft.NuGet.targets(186,5): message :                 MarkupCompilePass1;
C:\Program Files (x86)\Microsoft Visual Studio\2022\BuildTools\MSBuild\Microsoft\NuGet\17.0\Microsoft.NuGet.targets(186,5): message :                 AfterMarkupCompilePass1;
C:\Program Files (x86)\Microsoft Visual Studio\2022\BuildTools\MSBuild\Microsoft\NuGet\17.0\Microsoft.NuGet.targets(186,5): message :                 MarkupCompilePass2ForMainAssembly;
C:\Program Files (x86)\Microsoft Visual Studio\2022\BuildTools\MSBuild\Microsoft\NuGet\17.0\Microsoft.NuGet.targets(186,5): message :                 FileClassification;
C:\Program Files (x86)\Microsoft Visual Studio\2022\BuildTools\MSBuild\Microsoft\NuGet\17.0\Microsoft.NuGet.targets(186,5): message :                 MainResourcesGeneration;
C:\Program Files (x86)\Microsoft Visual Studio\2022\BuildTools\MSBuild\Microsoft\NuGet\17.0\Microsoft.NuGet.targets(186,5): message :                 
C:\Program Files (x86)\Microsoft Visual Studio\2022\BuildTools\MSBuild\Microsoft\NuGet\17.0\Microsoft.NuGet.targets(186,5): message :       ;
C:\Program Files (x86)\Microsoft Visual Studio\2022\BuildTools\MSBuild\Microsoft\NuGet\17.0\Microsoft.NuGet.targets(186,5): message :       PrepareResourceNames;
C:\Program Files (x86)\Microsoft Visual Studio\2022\BuildTools\MSBuild\Microsoft\NuGet\17.0\Microsoft.NuGet.targets(186,5): message :       ResGen;
C:\Program Files (x86)\Microsoft Visual Studio\2022\BuildTools\MSBuild\Microsoft\NuGet\17.0\Microsoft.NuGet.targets(186,5): message :       CompileLicxFiles
C:\Program Files (x86)\Microsoft Visual Studio\2022\BuildTools\MSBuild\Microsoft\NuGet\17.0\Microsoft.NuGet.targets(186,5): message :     
C:\Program Files (x86)\Microsoft Visual Studio\2022\BuildTools\MSBuild\Microsoft\NuGet\17.0\Microsoft.NuGet.targets(186,5): message :        
C:\Program Files (x86)\Microsoft Visual Studio\2022\BuildTools\MSBuild\Microsoft\NuGet\17.0\Microsoft.NuGet.targets(186,5): message :     
C:\Program Files (x86)\Microsoft Visual Studio\2022\BuildTools\MSBuild\Microsoft\NuGet\17.0\Microsoft.NuGet.targets(186,5): message :     ") (位於 C:\Program Files (x86)\Microsoft Visual Studio\2022\BuildTools\MSBuild\Microsoft\NuGet\17.0\Microsoft.NuGet.targets (186,5))
用於 $(MSBuildExtensionsPath) 的搜尋路徑為 C:\Program Files (x86)\Microsoft Visual Studio\2022\BuildTools\MSBuild;$(MSBuildProgramFiles32)\MSBuild
用於 $(VSToolsPath) 的搜尋路徑為 C:\Users\qoose\.nuget\packages\microsoft.vssdk.buildtools\17.0.5232\build\..\\tools;$(MSBuildProgramFiles32)\MSBuild\Microsoft\VisualStudio\v$(VisualStudioVersion)
正在嘗試使用延伸路徑 C:\Users\qoose\.nuget\packages\microsoft.vssdk.buildtools\17.0.5232\build\..\\tools 匯入 C:\Users\qoose\.nuget\packages\microsoft.vssdk.buildtools\17.0.5232\build\..\\tools\VSSDK\Microsoft.VsSDK.targets
C:\Users\qoose\.nuget\packages\microsoft.vssdk.buildtools\17.0.5232\tools\VSSDK\Microsoft.VisualStudio.Sdk.Common.targets(21,5): message : 屬性指派: $(Is64BitBuild)="true" (舊值: "false") (位於 C:\Users\qoose\.nuget\packages\microsoft.vssdk.buildtools\17.0.5232\tools\VSSDK\Microsoft.VisualStudio.Sdk.Common.targets (21,5))
C:\Users\qoose\.nuget\packages\microsoft.vssdk.buildtools\17.0.5232\tools\VSSDK\Microsoft.VsSDK.targets(210,5): message : 屬性指派: $(GetVsixSourceItemsDependsOn)=";AssignProjectConfiguration;DetokenizeVsixManifestFile;ZipProjects;ZipItems;CreateClientEnabledPkgFiles;SatelliteDllsProjectOutputGroup" (舊值: ";AssignProjectConfiguration;DetokenizeVsixManifestFile;ZipProjects;ZipItems;CreateClientEnabledPkgFiles") (位於 C:\Users\qoose\.nuget\packages\microsoft.vssdk.buildtools\17.0.5232\tools\VSSDK\Microsoft.VsSDK.targets (210,5))
C:\Users\qoose\.nuget\packages\microsoft.vssdk.buildtools\17.0.5232\tools\VSSDK\Microsoft.VsSDK.targets(847,5): message : 屬性指派: $(DeployVsixExtensionFilesDependsOn)=";Compile;GetVsixDeploymentPath;FindExistingDeploymentPath;GetVsixSourceItems" (舊值: ";Compile") (位於 C:\Users\qoose\.nuget\packages\microsoft.vssdk.buildtools\17.0.5232\tools\VSSDK\Microsoft.VsSDK.targets (847,5))
C:\Users\qoose\.nuget\packages\microsoft.vssdk.buildtools\17.0.5232\tools\VSSDK\Microsoft.VsSDK.targets(1042,5): message : 屬性指派: $(PrepareForBuildDependsOn)="
C:\Users\qoose\.nuget\packages\microsoft.vssdk.buildtools\17.0.5232\tools\VSSDK\Microsoft.VsSDK.targets(1042,5): message :       ;GetFrameworkPaths;GetReferenceAssemblyPaths;AssignLinkMetadata;
C:\Users\qoose\.nuget\packages\microsoft.vssdk.buildtools\17.0.5232\tools\VSSDK\Microsoft.VsSDK.targets(1042,5): message :       RunRegRiched
C:\Users\qoose\.nuget\packages\microsoft.vssdk.buildtools\17.0.5232\tools\VSSDK\Microsoft.VsSDK.targets(1042,5): message :     " (舊值: ";GetFrameworkPaths;GetReferenceAssemblyPaths;AssignLinkMetadata") (位於 C:\Users\qoose\.nuget\packages\microsoft.vssdk.buildtools\17.0.5232\tools\VSSDK\Microsoft.VsSDK.targets (1042,5))
C:\Users\qoose\.nuget\packages\microsoft.vssdk.buildtools\17.0.5232\tools\VSSDK\Microsoft.VsSDK.targets(1089,5): message : 屬性指派: $(PrepareResourcesDependsOn)="ResolveNuGetPackageAssets;
C:\Users\qoose\.nuget\packages\microsoft.vssdk.buildtools\17.0.5232\tools\VSSDK\Microsoft.VsSDK.targets(1089,5): message :       ValidationExtension;
C:\Users\qoose\.nuget\packages\microsoft.vssdk.buildtools\17.0.5232\tools\VSSDK\Microsoft.VsSDK.targets(1089,5): message :       ExpressionBuildExtension;
C:\Users\qoose\.nuget\packages\microsoft.vssdk.buildtools\17.0.5232\tools\VSSDK\Microsoft.VsSDK.targets(1089,5): message :       
C:\Users\qoose\.nuget\packages\microsoft.vssdk.buildtools\17.0.5232\tools\VSSDK\Microsoft.VsSDK.targets(1089,5): message :       XamlMarkupCompilePass1;
C:\Users\qoose\.nuget\packages\microsoft.vssdk.buildtools\17.0.5232\tools\VSSDK\Microsoft.VsSDK.targets(1089,5): message :       XamlMarkupCompilePass2;
C:\Users\qoose\.nuget\packages\microsoft.vssdk.buildtools\17.0.5232\tools\VSSDK\Microsoft.VsSDK.targets(1089,5): message :       
C:\Users\qoose\.nuget\packages\microsoft.vssdk.buildtools\17.0.5232\tools\VSSDK\Microsoft.VsSDK.targets(1089,5): message :                 MarkupCompilePass1;
C:\Users\qoose\.nuget\packages\microsoft.vssdk.buildtools\17.0.5232\tools\VSSDK\Microsoft.VsSDK.targets(1089,5): message :                 AfterMarkupCompilePass1;
C:\Users\qoose\.nuget\packages\microsoft.vssdk.buildtools\17.0.5232\tools\VSSDK\Microsoft.VsSDK.targets(1089,5): message :                 MarkupCompilePass2ForMainAssembly;
C:\Users\qoose\.nuget\packages\microsoft.vssdk.buildtools\17.0.5232\tools\VSSDK\Microsoft.VsSDK.targets(1089,5): message :                 FileClassification;
C:\Users\qoose\.nuget\packages\microsoft.vssdk.buildtools\17.0.5232\tools\VSSDK\Microsoft.VsSDK.targets(1089,5): message :                 MainResourcesGeneration;
C:\Users\qoose\.nuget\packages\microsoft.vssdk.buildtools\17.0.5232\tools\VSSDK\Microsoft.VsSDK.targets(1089,5): message :                 
C:\Users\qoose\.nuget\packages\microsoft.vssdk.buildtools\17.0.5232\tools\VSSDK\Microsoft.VsSDK.targets(1089,5): message :       ;
C:\Users\qoose\.nuget\packages\microsoft.vssdk.buildtools\17.0.5232\tools\VSSDK\Microsoft.VsSDK.targets(1089,5): message :       PrepareResourceNames;
C:\Users\qoose\.nuget\packages\microsoft.vssdk.buildtools\17.0.5232\tools\VSSDK\Microsoft.VsSDK.targets(1089,5): message :       ResGen;
C:\Users\qoose\.nuget\packages\microsoft.vssdk.buildtools\17.0.5232\tools\VSSDK\Microsoft.VsSDK.targets(1089,5): message :       CompileLicxFiles
C:\Users\qoose\.nuget\packages\microsoft.vssdk.buildtools\17.0.5232\tools\VSSDK\Microsoft.VsSDK.targets(1089,5): message :     
C:\Users\qoose\.nuget\packages\microsoft.vssdk.buildtools\17.0.5232\tools\VSSDK\Microsoft.VsSDK.targets(1089,5): message :        
C:\Users\qoose\.nuget\packages\microsoft.vssdk.buildtools\17.0.5232\tools\VSSDK\Microsoft.VsSDK.targets(1089,5): message :     
C:\Users\qoose\.nuget\packages\microsoft.vssdk.buildtools\17.0.5232\tools\VSSDK\Microsoft.VsSDK.targets(1089,5): message :     ;MergeCtoResource" (舊值: "ResolveNuGetPackageAssets;
C:\Users\qoose\.nuget\packages\microsoft.vssdk.buildtools\17.0.5232\tools\VSSDK\Microsoft.VsSDK.targets(1089,5): message :       ValidationExtension;
C:\Users\qoose\.nuget\packages\microsoft.vssdk.buildtools\17.0.5232\tools\VSSDK\Microsoft.VsSDK.targets(1089,5): message :       ExpressionBuildExtension;
C:\Users\qoose\.nuget\packages\microsoft.vssdk.buildtools\17.0.5232\tools\VSSDK\Microsoft.VsSDK.targets(1089,5): message :       
C:\Users\qoose\.nuget\packages\microsoft.vssdk.buildtools\17.0.5232\tools\VSSDK\Microsoft.VsSDK.targets(1089,5): message :       XamlMarkupCompilePass1;
C:\Users\qoose\.nuget\packages\microsoft.vssdk.buildtools\17.0.5232\tools\VSSDK\Microsoft.VsSDK.targets(1089,5): message :       XamlMarkupCompilePass2;
C:\Users\qoose\.nuget\packages\microsoft.vssdk.buildtools\17.0.5232\tools\VSSDK\Microsoft.VsSDK.targets(1089,5): message :       
C:\Users\qoose\.nuget\packages\microsoft.vssdk.buildtools\17.0.5232\tools\VSSDK\Microsoft.VsSDK.targets(1089,5): message :                 MarkupCompilePass1;
C:\Users\qoose\.nuget\packages\microsoft.vssdk.buildtools\17.0.5232\tools\VSSDK\Microsoft.VsSDK.targets(1089,5): message :                 AfterMarkupCompilePass1;
C:\Users\qoose\.nuget\packages\microsoft.vssdk.buildtools\17.0.5232\tools\VSSDK\Microsoft.VsSDK.targets(1089,5): message :                 MarkupCompilePass2ForMainAssembly;
C:\Users\qoose\.nuget\packages\microsoft.vssdk.buildtools\17.0.5232\tools\VSSDK\Microsoft.VsSDK.targets(1089,5): message :                 FileClassification;
C:\Users\qoose\.nuget\packages\microsoft.vssdk.buildtools\17.0.5232\tools\VSSDK\Microsoft.VsSDK.targets(1089,5): message :                 MainResourcesGeneration;
C:\Users\qoose\.nuget\packages\microsoft.vssdk.buildtools\17.0.5232\tools\VSSDK\Microsoft.VsSDK.targets(1089,5): message :                 
C:\Users\qoose\.nuget\packages\microsoft.vssdk.buildtools\17.0.5232\tools\VSSDK\Microsoft.VsSDK.targets(1089,5): message :       ;
C:\Users\qoose\.nuget\packages\microsoft.vssdk.buildtools\17.0.5232\tools\VSSDK\Microsoft.VsSDK.targets(1089,5): message :       PrepareResourceNames;
C:\Users\qoose\.nuget\packages\microsoft.vssdk.buildtools\17.0.5232\tools\VSSDK\Microsoft.VsSDK.targets(1089,5): message :       ResGen;
C:\Users\qoose\.nuget\packages\microsoft.vssdk.buildtools\17.0.5232\tools\VSSDK\Microsoft.VsSDK.targets(1089,5): message :       CompileLicxFiles
C:\Users\qoose\.nuget\packages\microsoft.vssdk.buildtools\17.0.5232\tools\VSSDK\Microsoft.VsSDK.targets(1089,5): message :     
C:\Users\qoose\.nuget\packages\microsoft.vssdk.buildtools\17.0.5232\tools\VSSDK\Microsoft.VsSDK.targets(1089,5): message :        
C:\Users\qoose\.nuget\packages\microsoft.vssdk.buildtools\17.0.5232\tools\VSSDK\Microsoft.VsSDK.targets(1089,5): message :     
C:\Users\qoose\.nuget\packages\microsoft.vssdk.buildtools\17.0.5232\tools\VSSDK\Microsoft.VsSDK.targets(1089,5): message :     ") (位於 C:\Users\qoose\.nuget\packages\microsoft.vssdk.buildtools\17.0.5232\tools\VSSDK\Microsoft.VsSDK.targets (1089,5))
C:\Users\qoose\.nuget\packages\microsoft.vssdk.buildtools\17.0.5232\tools\VSSDK\Microsoft.VsSDK.targets(1166,5): message : 屬性指派: $(PrepareForRunDependsOn)="
C:\Users\qoose\.nuget\packages\microsoft.vssdk.buildtools\17.0.5232\tools\VSSDK\Microsoft.VsSDK.targets(1166,5): message :       
C:\Users\qoose\.nuget\packages\microsoft.vssdk.buildtools\17.0.5232\tools\VSSDK\Microsoft.VsSDK.targets(1166,5): message :       CopyFilesToOutputDirectory
C:\Users\qoose\.nuget\packages\microsoft.vssdk.buildtools\17.0.5232\tools\VSSDK\Microsoft.VsSDK.targets(1166,5): message :     ;
C:\Users\qoose\.nuget\packages\microsoft.vssdk.buildtools\17.0.5232\tools\VSSDK\Microsoft.VsSDK.targets(1166,5): message :       GeneratePkgDef;
C:\Users\qoose\.nuget\packages\microsoft.vssdk.buildtools\17.0.5232\tools\VSSDK\Microsoft.VsSDK.targets(1166,5): message :       CopyPkgDef;
C:\Users\qoose\.nuget\packages\microsoft.vssdk.buildtools\17.0.5232\tools\VSSDK\Microsoft.VsSDK.targets(1166,5): message :       CreateVsixContainer;
C:\Users\qoose\.nuget\packages\microsoft.vssdk.buildtools\17.0.5232\tools\VSSDK\Microsoft.VsSDK.targets(1166,5): message :       DeployVsixExtensionFiles;
C:\Users\qoose\.nuget\packages\microsoft.vssdk.buildtools\17.0.5232\tools\VSSDK\Microsoft.VsSDK.targets(1166,5): message :       CopyVsixManifestFile;
C:\Users\qoose\.nuget\packages\microsoft.vssdk.buildtools\17.0.5232\tools\VSSDK\Microsoft.VsSDK.targets(1166,5): message :       CopyVsixExtensionFiles;
C:\Users\qoose\.nuget\packages\microsoft.vssdk.buildtools\17.0.5232\tools\VSSDK\Microsoft.VsSDK.targets(1166,5): message :     " (舊值: "
C:\Users\qoose\.nuget\packages\microsoft.vssdk.buildtools\17.0.5232\tools\VSSDK\Microsoft.VsSDK.targets(1166,5): message :       CopyFilesToOutputDirectory
C:\Users\qoose\.nuget\packages\microsoft.vssdk.buildtools\17.0.5232\tools\VSSDK\Microsoft.VsSDK.targets(1166,5): message :     ") (位於 C:\Users\qoose\.nuget\packages\microsoft.vssdk.buildtools\17.0.5232\tools\VSSDK\Microsoft.VsSDK.targets (1166,5))
C:\Users\qoose\.nuget\packages\microsoft.vssdk.buildtools\17.0.5232\tools\VSSDK\Microsoft.VsSDK.targets(1353,5): message : 屬性指派: $(PrepareForRunDependsOn)="
C:\Users\qoose\.nuget\packages\microsoft.vssdk.buildtools\17.0.5232\tools\VSSDK\Microsoft.VsSDK.targets(1353,5): message :       ZipProjects;
C:\Users\qoose\.nuget\packages\microsoft.vssdk.buildtools\17.0.5232\tools\VSSDK\Microsoft.VsSDK.targets(1353,5): message :       ZipItems;
C:\Users\qoose\.nuget\packages\microsoft.vssdk.buildtools\17.0.5232\tools\VSSDK\Microsoft.VsSDK.targets(1353,5): message :       
C:\Users\qoose\.nuget\packages\microsoft.vssdk.buildtools\17.0.5232\tools\VSSDK\Microsoft.VsSDK.targets(1353,5): message :       
C:\Users\qoose\.nuget\packages\microsoft.vssdk.buildtools\17.0.5232\tools\VSSDK\Microsoft.VsSDK.targets(1353,5): message :       CopyFilesToOutputDirectory
C:\Users\qoose\.nuget\packages\microsoft.vssdk.buildtools\17.0.5232\tools\VSSDK\Microsoft.VsSDK.targets(1353,5): message :     ;
C:\Users\qoose\.nuget\packages\microsoft.vssdk.buildtools\17.0.5232\tools\VSSDK\Microsoft.VsSDK.targets(1353,5): message :       GeneratePkgDef;
C:\Users\qoose\.nuget\packages\microsoft.vssdk.buildtools\17.0.5232\tools\VSSDK\Microsoft.VsSDK.targets(1353,5): message :       CopyPkgDef;
C:\Users\qoose\.nuget\packages\microsoft.vssdk.buildtools\17.0.5232\tools\VSSDK\Microsoft.VsSDK.targets(1353,5): message :       CreateVsixContainer;
C:\Users\qoose\.nuget\packages\microsoft.vssdk.buildtools\17.0.5232\tools\VSSDK\Microsoft.VsSDK.targets(1353,5): message :       DeployVsixExtensionFiles;
C:\Users\qoose\.nuget\packages\microsoft.vssdk.buildtools\17.0.5232\tools\VSSDK\Microsoft.VsSDK.targets(1353,5): message :       CopyVsixManifestFile;
C:\Users\qoose\.nuget\packages\microsoft.vssdk.buildtools\17.0.5232\tools\VSSDK\Microsoft.VsSDK.targets(1353,5): message :       CopyVsixExtensionFiles;
C:\Users\qoose\.nuget\packages\microsoft.vssdk.buildtools\17.0.5232\tools\VSSDK\Microsoft.VsSDK.targets(1353,5): message :     
C:\Users\qoose\.nuget\packages\microsoft.vssdk.buildtools\17.0.5232\tools\VSSDK\Microsoft.VsSDK.targets(1353,5): message :     " (舊值: "
C:\Users\qoose\.nuget\packages\microsoft.vssdk.buildtools\17.0.5232\tools\VSSDK\Microsoft.VsSDK.targets(1353,5): message :       
C:\Users\qoose\.nuget\packages\microsoft.vssdk.buildtools\17.0.5232\tools\VSSDK\Microsoft.VsSDK.targets(1353,5): message :       CopyFilesToOutputDirectory
C:\Users\qoose\.nuget\packages\microsoft.vssdk.buildtools\17.0.5232\tools\VSSDK\Microsoft.VsSDK.targets(1353,5): message :     ;
C:\Users\qoose\.nuget\packages\microsoft.vssdk.buildtools\17.0.5232\tools\VSSDK\Microsoft.VsSDK.targets(1353,5): message :       GeneratePkgDef;
C:\Users\qoose\.nuget\packages\microsoft.vssdk.buildtools\17.0.5232\tools\VSSDK\Microsoft.VsSDK.targets(1353,5): message :       CopyPkgDef;
C:\Users\qoose\.nuget\packages\microsoft.vssdk.buildtools\17.0.5232\tools\VSSDK\Microsoft.VsSDK.targets(1353,5): message :       CreateVsixContainer;
C:\Users\qoose\.nuget\packages\microsoft.vssdk.buildtools\17.0.5232\tools\VSSDK\Microsoft.VsSDK.targets(1353,5): message :       DeployVsixExtensionFiles;
C:\Users\qoose\.nuget\packages\microsoft.vssdk.buildtools\17.0.5232\tools\VSSDK\Microsoft.VsSDK.targets(1353,5): message :       CopyVsixManifestFile;
C:\Users\qoose\.nuget\packages\microsoft.vssdk.buildtools\17.0.5232\tools\VSSDK\Microsoft.VsSDK.targets(1353,5): message :       CopyVsixExtensionFiles;
C:\Users\qoose\.nuget\packages\microsoft.vssdk.buildtools\17.0.5232\tools\VSSDK\Microsoft.VsSDK.targets(1353,5): message :     ") (位於 C:\Users\qoose\.nuget\packages\microsoft.vssdk.buildtools\17.0.5232\tools\VSSDK\Microsoft.VsSDK.targets (1353,5))
以來自專案 "C:\Program Files (x86)\Microsoft Visual Studio\2022\BuildTools\MSBuild\Current\Bin\Microsoft.NETFramework.CurrentVersion.targets" 的目標 "GetFrameworkPaths" 覆寫專案 "C:\Program Files (x86)\Microsoft Visual Studio\2022\BuildTools\MSBuild\Current\Bin\Microsoft.Common.CurrentVersion.targets" 中的目標 "GetFrameworkPaths"。
以來自專案 "C:\WINDOWS\Microsoft.NET\Framework\v4.0.30319\Microsoft.WinFx.targets" 的目標 "SatelliteDllsProjectOutputGroup" 覆寫專案 "C:\Program Files (x86)\Microsoft Visual Studio\2022\BuildTools\MSBuild\Current\Bin\Microsoft.Common.CurrentVersion.targets" 中的目標 "SatelliteDllsProjectOutputGroup"。
以來自專案 "C:\Program Files (x86)\Microsoft Visual Studio\2022\BuildTools\MSBuild\Current\Bin\Microsoft.WorkflowBuildExtensions.targets" 的目標 "GenerateCompiledExpressionsTempFile" 覆寫專案 "C:\WINDOWS\Microsoft.NET\Framework\v4.0.30319\Microsoft.WorkflowBuildExtensions.targets" 中的目標 "GenerateCompiledExpressionsTempFile"。
節點 1 (預設目標) 上的專案 "C:\Users\qoose\Desktop\VSCodeLinks\CodeLinks\CodeLinks.csproj"。
專案檔包含 ToolsVersion="15.0"。此工具組可能未知或遺漏，若是這種情況，或許安裝適當版本的 MSBuild 就可以解決此問題，否則可能是基於原則而強制組建必須使用特定 ToolsVersion。專案將被視為包含 ToolsVersion="Current"。如需詳細資訊，請參閱 http://go.microsoft.com/fwlink/?LinkId=293424。
由於 false 條件，因此已略過工作 "EntityDeploy"; ('@(EntityDeploy)' != '') 評估為 ('' != '')。
由於 false 條件，因此已略過工作 "EnableIntermediateOutputPathMismatchWarning"; ('$(RestoreProjectStyle)' == 'PackageReference') 評估為 ('' == 'PackageReference')。
專案 "C:\Users\qoose\Desktop\VSCodeLinks\CodeLinks\CodeLinks.csproj" 的檔案 "C:\Program Files (x86)\Microsoft Visual Studio\2022\BuildTools\MSBuild\Current\Bin\Microsoft.Common.CurrentVersion.targets" 中的目標 "_CheckForInvalidConfigurationAndPlatform" (目標 "EntityDeploy" 與它有依存關係):
正在使用組件 "Microsoft.Build.Tasks.Core, Version=15.1.0.0, Culture=neutral, PublicKeyToken=b03f5f7f11d50a3a" 中的 "MSBuildInternalMessage" 工作。
工作 "MSBuildInternalMessage"
C:\Program Files (x86)\Microsoft Visual Studio\2022\BuildTools\MSBuild\Current\Bin\Microsoft.Common.CurrentVersion.targets(843,5): error : 未設定專案 'CodeLinks.csproj' 的BaseOutputPath/OutputPath屬性。 請檢查以確定您已為此專案指定有效的組態與平台組合。 設定='Debug' 平臺='Any CPU'。您可能會看到此訊息，因為您嘗試建置的項目沒有解決方案檔案，而且已為此專案指定不存在的非預設組態或平臺。 [C:\Users\qoose\Desktop\VSCodeLinks\CodeLinks\CodeLinks.csproj]
工作 "MSBuildInternalMessage" 執行完成 -- 失敗。
專案 "CodeLinks.csproj" 中的目標 "_CheckForInvalidConfigurationAndPlatform" 建置完成 -- 失敗。
專案 "C:\Users\qoose\Desktop\VSCodeLinks\CodeLinks\CodeLinks.csproj" (預設目標) 建置完成 -- 失敗。


建置失敗。

"C:\Users\qoose\Desktop\VSCodeLinks\CodeLinks\CodeLinks.csproj" (預設目標) (1) ->
(_CheckForInvalidConfigurationAndPlatform 目標) -> 
  C:\Program Files (x86)\Microsoft Visual Studio\2022\BuildTools\MSBuild\Current\Bin\Microsoft.Common.CurrentVersion.targets(843,5): error : 未設定專案 'CodeLinks.csproj' 的BaseOutputPath/OutputPath屬性。 請檢查以確定您已為此專案指定有效的組態與平台組合。 設定='Debug' 平臺='Any CPU'。您可能會看到此訊息，因為您嘗試建置的項目沒有解決方案檔案，而且已為此專案指定不存在的非預設組態或平臺。 [C:\Users\qoose\Desktop\VSCodeLinks\CodeLinks\CodeLinks.csproj]

    0 個警告
    1 個錯誤

經過時間 00:00:00.23
